[18:18:42] [main/INFO]: Loading Minecraft 1.21.11 with Fabric Loader 0.18.4
[18:18:42] [main/INFO]: Loading 54 mods:
	- fabric-api 0.141.3+1.21.11
	   |-- fabric-api-base 1.0.5+4ebb5c083e
	   |-- fabric-api-lookup-api-v1 1.6.114+20dc27073e
	   |-- fabric-biome-api-v1 17.1.1+4fc5413f3e
	   |-- fabric-block-api-v1 1.1.10+4ebb5c083e
	   |-- fabric-block-view-api-v2 1.0.39+4ebb5c083e
	   |-- fabric-command-api-v2 2.4.7+6b42a6003e
	   |-- fabric-content-registries-v0 10.2.14+4fc5413f3e
	   |-- fabric-convention-tags-v1 2.1.55+7f945d5b3e
	   |-- fabric-convention-tags-v2 2.17.3+8ef948ba3e
	   |-- fabric-crash-report-info-v1 0.3.23+4ebb5c083e
	   |-- fabric-data-attachment-api-v1 1.8.47+eed0806f3e
	   |-- fabric-data-generation-api-v1 23.4.0+69974c4e3e
	   |-- fabric-dimensions-v1 4.0.28+4fc5413f3e
	   |-- fabric-entity-events-v1 3.1.1+1d0ab4303e
	   |-- fabric-events-interaction-v0 4.1.0+3b89ecf63e
	   |-- fabric-game-rule-api-v1 2.0.3+4fc5413f3e
	   |-- fabric-item-api-v1 11.5.20+d0c46b9e3e
	   |-- fabric-item-group-api-v1 4.2.36+4fc5413f3e
	   |-- fabric-key-binding-api-v1 1.1.7+4fc5413f3e
	   |-- fabric-lifecycle-events-v1 2.6.15+4ebb5c083e
	   |-- fabric-loot-api-v2 3.0.73+3f89f5a53e
	   |-- fabric-loot-api-v3 2.0.20+78c8b4663e
	   |-- fabric-message-api-v1 6.1.12+4ebb5c083e
	   |-- fabric-model-loading-api-v1 6.0.15+4fc5413f3e
	   |-- fabric-networking-api-v1 5.1.5+ae1e07683e
	   |-- fabric-object-builder-api-v1 21.1.39+4fc5413f3e
	   |-- fabric-particles-v1 4.2.11+4fc5413f3e
	   |-- fabric-recipe-api-v1 8.2.3+4ebb5c083e
	   |-- fabric-registry-sync-v0 6.2.5+1718722b3e
	   |-- fabric-renderer-api-v1 8.0.3+f4ffd2e53e
	   |-- fabric-renderer-indigo 5.0.3+f4ffd2e53e
	   |-- fabric-rendering-fluids-v1 3.1.43+4ebb5c083e
	   |-- fabric-rendering-v1 16.2.10+0290ad933e
	   |-- fabric-resource-conditions-api-v1 5.0.35+4fc5413f3e
	   |-- fabric-resource-loader-v0 3.3.4+4fc5413f3e
	   |-- fabric-resource-loader-v1 1.0.10+78c8b4663e
	   |-- fabric-screen-api-v1 3.1.7+4ebb5c083e
	   |-- fabric-screen-handler-api-v1 1.3.161+4fc5413f3e
	   |-- fabric-serialization-api-v1 1.0.5+4ebb5c083e
	   |-- fabric-sound-api-v1 1.0.51+4fc5413f3e
	   |-- fabric-tag-api-v1 1.2.20+4fc5413f3e
	   |-- fabric-transfer-api-v1 6.0.25+4fc5413f3e
	   \-- fabric-transitive-access-wideners-v1 7.1.0+014c8cec3e
	- fabricloader 0.18.4
	   \-- mixinextras 0.5.0
	- iris 1.10.5+mc1.21.11
	   |-- io_github_douira_glsl-transformer 3.0.0-pre3
	   |-- org_anarres_jcpp 1.4.14
	   \-- org_antlr_antlr4-runtime 4.13.1
	- java 21
	- minecraft 1.21.11
	- silktouch-spawn-eggs 1.0.0
	- sodium 0.8.4+mc1.21.11
[18:18:44] [main/INFO]: SpongePowered MIXIN Subsystem Version=0.8.7 Source=file:/C:/Users/logan/AppData/Roaming/ModrinthApp/meta/libraries/net/fabricmc/sponge-mixin/0.17.0+mixin.0.8.7/sponge-mixin-0.17.0+mixin.0.8.7.jar Service=Knot/Fabric Env=CLIENT
[18:18:47] [main/INFO]: Compatibility level set to JAVA_21
[18:18:47] [main/WARN]: Reference map 'iris.refmap.json' for mixins.iris.json could not be read. If this is a development environment you can ignore this message
[18:18:47] [main/WARN]: Reference map 'iris-fabric.refmap.json' for mixins.iris.fabric.json could not be read. If this is a development environment you can ignore this message
[18:18:47] [main/WARN]: Reference map 'iris.refmap.json' for mixins.iris.fantastic.json could not be read. If this is a development environment you can ignore this message
[18:18:47] [main/WARN]: Reference map 'iris.refmap.json' for mixins.iris.vertexformat.json could not be read. If this is a development environment you can ignore this message
[18:18:47] [main/WARN]: Reference map 'iris.refmap.json' for mixins.iris.bettermipmaps.json could not be read. If this is a development environment you can ignore this message
[18:18:47] [main/WARN]: Reference map 'iris.refmap.json' for mixins.iris.compat.sodium.json could not be read. If this is a development environment you can ignore this message
[18:18:47] [main/WARN]: Reference map 'iris.refmap.json' for mixins.iris.fixes.maxfpscrash.json could not be read. If this is a development environment you can ignore this message
[18:18:48] [main/INFO]: Loaded configuration file for Sodium: 35 options available, 1 override(s) found
[18:18:50] [main/WARN]: Force-disabling mixin 'features.render.world.sky.LevelRendererMixin' as rule 'mixin.features.render.world.sky' (added by mods [iris]) disables it and children
[18:18:50] [main/INFO]: Searching for graphics cards...
[18:18:50] [main/INFO]: Found graphics adapter: AdapterInfo{vendor=NVIDIA, description='NVIDIA GeForce RTX 4070 Laptop GPU', adapterType=0x0000231B, openglIcdFilePath='C:\WINDOWS\System32\DriverStore\FileRepository\nvmisi.inf_amd64_dc0766728409c36d\nvoglv64.dll', openglIcdVersion=32.0.15.9174}
[18:18:50] [main/WARN]: Sodium has applied one or more workarounds to prevent crashes or other issues on your system: [NVIDIA_THREADED_OPTIMIZATIONS_BROKEN]
[18:18:50] [main/WARN]: This is not necessarily an issue, but it may result in certain features or optimizations being disabled. You can sometimes fix these issues by upgrading your graphics driver.
[18:18:51] [main/INFO]: Initializing MixinExtras via com.llamalad7.mixinextras.service.MixinExtrasServiceImpl(version=0.5.0).
[18:18:54] [Datafixer Bootstrap/INFO]: 287 Datafixer optimizations took 1594 milliseconds
[18:19:03] [Render thread/INFO]: Environment: Environment[sessionHost=https://sessionserver.mojang.com, servicesHost=https://api.minecraftservices.com, profilesHost=https://api.mojang.com, name=PROD]
[18:19:03] [Render thread/INFO]: Setting user: Diffraxis
[18:19:04] [Render thread/INFO]: Initializing Silk Touch Spawn Eggs Mod
[18:19:04] [Render thread/INFO]: Loaded configuration from C:\Users\logan\AppData\Roaming\ModrinthApp\profiles\Silk Harvest Test\config\silktouch-spawn-eggs.json
[18:19:04] [Render thread/INFO]: Silk Touch Spawn Eggs Mod initialized successfully
[18:19:04] [Render thread/INFO]: [Indigo] Different rendering plugin detected; not applying Indigo.
[18:19:05] [Render thread/INFO]: Backend library: LWJGL version 3.3.3-snapshot
[18:19:05] [Render thread/INFO]: Modifying process environment to apply workarounds for the NVIDIA graphics driver...
[18:19:06] [Render thread/INFO]: Debug functionality is disabled.
[18:19:06] [Render thread/INFO]: ARB_direct_state_access detected, enabling DSA.
[18:19:06] [Render thread/INFO]: Shaders are disabled because no valid shaderpack is selected
[18:19:06] [Render thread/INFO]: OpenGL Vendor: NVIDIA Corporation
[18:19:06] [Render thread/INFO]: OpenGL Renderer: NVIDIA GeForce RTX 4070 Laptop GPU/PCIe/SSE2
[18:19:06] [Render thread/INFO]: OpenGL Version: 3.3.0 NVIDIA 591.74
[18:19:06] [Render thread/INFO]: Modifying OpenGL context to apply workarounds for the NVIDIA graphics driver...
[18:19:06] [Render thread/INFO]: Enabling GL_DEBUG_OUTPUT_SYNCHRONOUS to force the NVIDIA driver to disable threaded command submission
[18:19:06] [Render thread/INFO]: Using optional rendering extensions: GL_ARB_buffer_storage, GL_KHR_debug, GL_ARB_vertex_attrib_binding, GL_ARB_direct_state_access, GL_EXT_texture_filter_anisotropic
[18:19:07] [Render thread/INFO]: Hardware information:
[18:19:07] [Render thread/INFO]: CPU: 20x 13th Gen Intel(R) Core(TM) i7-13700H
[18:19:07] [Render thread/INFO]: GPU: NVIDIA GeForce RTX 4070 Laptop GPU/PCIe/SSE2 (Supports OpenGL 3.3.0 NVIDIA 591.74)
[18:19:07] [Render thread/INFO]: OS: Windows 11 (10.0)
[18:19:07] [ForkJoinPool.commonPool-worker-1/WARN]: [Iris Update Check] This version doesn't have an update index, skipping.
[18:19:07] [Render thread/INFO]: Reloading ResourceManager: vanilla, fabric-api, fabric-api-base, fabric-api-lookup-api-v1, fabric-biome-api-v1, fabric-block-api-v1, fabric-block-view-api-v2, fabric-command-api-v2, fabric-content-registries-v0, fabric-convention-tags-v1, fabric-convention-tags-v2, fabric-crash-report-info-v1, fabric-data-attachment-api-v1, fabric-data-generation-api-v1, fabric-dimensions-v1, fabric-entity-events-v1, fabric-events-interaction-v0, fabric-game-rule-api-v1, fabric-item-api-v1, fabric-item-group-api-v1, fabric-key-binding-api-v1, fabric-lifecycle-events-v1, fabric-loot-api-v2, fabric-loot-api-v3, fabric-message-api-v1, fabric-model-loading-api-v1, fabric-networking-api-v1, fabric-object-builder-api-v1, fabric-particles-v1, fabric-recipe-api-v1, fabric-registry-sync-v0, fabric-renderer-api-v1, fabric-renderer-indigo, fabric-rendering-fluids-v1, fabric-rendering-v1, fabric-resource-conditions-api-v1, fabric-resource-loader-v0, fabric-resource-loader-v1, fabric-screen-api-v1, fabric-screen-handler-api-v1, fabric-serialization-api-v1, fabric-sound-api-v1, fabric-tag-api-v1, fabric-transfer-api-v1, fabric-transitive-access-wideners-v1, fabricloader, iris, sodium
[18:19:07] [Worker-Main-2/INFO]: Found unifont_all_no_pua-17.0.01.hex, loading
[18:19:07] [Worker-Main-16/INFO]: Found unifont_pua-17.0.01.hex, loading
[18:19:08] [Worker-Main-14/INFO]: Found unifont_jp_patch-17.0.01.hex, loading
[18:19:10] [Render thread/INFO]: OpenAL initialized on device OpenAL Soft on Headphones (LE-Ground Control)
[18:19:10] [Render thread/INFO]: Sound engine started
[18:19:10] [Render thread/INFO]: Created: 512x256x0 minecraft:textures/atlas/particles.png-atlas
[18:19:10] [Render thread/INFO]: Created: 128x128x0 minecraft:textures/atlas/decorated_pot.png-atlas
[18:19:10] [Render thread/INFO]: Created: 2048x1024x0 minecraft:textures/atlas/armor_trims.png-atlas
[18:19:10] [Render thread/INFO]: Created: 512x256x0 minecraft:textures/atlas/paintings.png-atlas
[18:19:10] [Render thread/INFO]: Created: 1024x512x0 minecraft:textures/atlas/shield_patterns.png-atlas
[18:19:10] [Render thread/INFO]: Created: 2048x2048x4 minecraft:textures/atlas/blocks.png-atlas
[18:19:10] [Render thread/INFO]: Created: 512x512x0 minecraft:textures/atlas/chest.png-atlas
[18:19:10] [Render thread/INFO]: Created: 256x128x0 minecraft:textures/atlas/celestials.png-atlas
[18:19:10] [Render thread/INFO]: Created: 1024x512x0 minecraft:textures/atlas/banner_patterns.png-atlas
[18:19:10] [Render thread/INFO]: Created: 512x512x0 minecraft:textures/atlas/beds.png-atlas
[18:19:10] [Render thread/INFO]: Created: 1024x512x0 minecraft:textures/atlas/items.png-atlas
[18:19:10] [Render thread/INFO]: Created: 1024x1024x0 minecraft:textures/atlas/gui.png-atlas
[18:19:11] [Render thread/INFO]: Created: 128x64x0 minecraft:textures/atlas/map_decorations.png-atlas
[18:19:11] [Render thread/INFO]: Created: 512x256x0 minecraft:textures/atlas/signs.png-atlas
[18:19:11] [Render thread/INFO]: Created: 512x512x0 minecraft:textures/atlas/shulker_boxes.png-atlas
[18:19:12] [Render thread/INFO]: Loaded 1470 recipes
[18:19:12] [Render thread/INFO]: Loaded 1584 advancements
[18:19:12] [Render thread/INFO]: Applied 0 biome modifications to 0 of 65 new biomes in 1.083 ms
[18:19:12] [Server thread/INFO]: Starting integrated minecraft server version 1.21.11
[18:19:12] [Server thread/INFO]: Generating keypair
[18:19:13] [Server thread/INFO]: Loading 0 persistent chunks...
[18:19:15] [Server thread/INFO]: Loading 49 chunks for player spawn...
[18:19:15] [Server thread/INFO]: Preparing spawn area: 16%
[18:19:15] [Server thread/INFO]: Preparing spawn area: 16%
[18:19:15] [Server thread/INFO]: Preparing spawn area: 16%
[18:19:15] [Server thread/INFO]: Preparing spawn area: 16%
[18:19:15] [Server thread/INFO]: Preparing spawn area: 16%
[18:19:15] [Server thread/INFO]: Time elapsed: 2430 ms
[18:19:15] [Server thread/INFO]: Diffraxis[local:E:fb2882af] logged in with entity id 78 at (-560.643389096729, 71.0, 34.72761383638878)
[18:19:16] [Server thread/INFO]: Diffraxis joined the game
[18:19:16] [Render thread/INFO]: Reloading pipeline on dimension change: null => minecraft:overworld
[18:19:16] [Render thread/INFO]: Creating pipeline for dimension minecraft:overworld
[18:19:16] [Server thread/INFO]: Changing view distance to 16, from 10
[18:19:16] [Server thread/INFO]: Changing simulation distance to 12, from 0
[18:19:16] [Render thread/INFO]: Started 10 worker threads
[18:19:16] [Render thread/INFO]: Loaded 44 advancements
[18:19:16] [Render thread/INFO]: Resizing Dynamic Transforms UBO, capacity limit of 2 reached during a single frame. New capacity will be 4.
[18:19:16] [Render thread/INFO]: Resizing Dynamic Transforms UBO, capacity limit of 4 reached during a single frame. New capacity will be 8.
[18:19:17] [Render thread/INFO]: Resizing Dynamic Transforms UBO, capacity limit of 8 reached during a single frame. New capacity will be 16.
[18:19:43] [Server thread/INFO]: Saving and pausing game...
[18:19:43] [Server thread/INFO]: Saving chunks for level 'ServerLevel[Test World]'/minecraft:overworld
[18:19:43] [Server thread/INFO]: Saving chunks for level 'ServerLevel[Test World]'/minecraft:the_end
[18:19:43] [Server thread/INFO]: Saving chunks for level 'ServerLevel[Test World]'/minecraft:the_nether
[18:19:49] [Server thread/ERROR]: Encountered an unexpected exception
net.minecraft.class_148: Ticking entity
	at knot//net.minecraft.server.MinecraftServer.method_3813(MinecraftServer.java:1149)
	at knot//net.minecraft.server.MinecraftServer.method_3748(MinecraftServer.java:1016)
	at knot//net.minecraft.class_1132.method_3748(class_1132.java:132)
	at knot//net.minecraft.server.MinecraftServer.method_76677(MinecraftServer.java:1049)
	at knot//net.minecraft.class_1132.method_76677(class_1132.java:100)
	at knot//net.minecraft.server.MinecraftServer.method_29741(MinecraftServer.java:771)
	at knot//net.minecraft.server.MinecraftServer.method_29739(MinecraftServer.java:301)
	at java.base/java.lang.Thread.run(Unknown Source)
Caused by: java.lang.NoSuchMethodError: 'net.minecraft.class_243 net.minecraft.class_1309.method_19538()'
	at knot//com.silktouch.handler.MobDeathHandler.dropItem(MobDeathHandler.java:95)
	at knot//com.silktouch.handler.MobDeathHandler.handleMobDeath(MobDeathHandler.java:85)
	at knot//com.silktouch.SilkTouchSpawnEggsMod.lambda$onInitialize$0(SilkTouchSpawnEggsMod.java:29)
	at knot//net.fabricmc.fabric.api.event.lifecycle.v1.ServerEntityEvents.lambda$static$2(ServerEntityEvents.java:50)
	at knot//net.minecraft.class_3218$class_5526.handler$zgg000$fabric-lifecycle-events-v1$invokeEntityUnloadEvent(class_3218.java:1894)
	at knot//net.minecraft.class_3218$class_5526.method_31437(class_3218.java)
	at knot//net.minecraft.class_3218$class_5526.method_31797(class_3218.java:1715)
	at knot//net.minecraft.class_5579.method_31850(class_5579.java:224)
	at knot//net.minecraft.class_5579$class_5580.method_31750(class_5579.java:115)
	at knot//net.minecraft.class_1297.method_31745(class_1297.java:4238)
	at knot//net.minecraft.class_1297.method_5650(class_1297.java:479)
	at knot//net.minecraft.class_1309.method_5650(class_1309.java:733)
	at knot//net.minecraft.class_1309.method_6108(class_1309.java:588)
	at knot//net.minecraft.class_1309.method_5670(class_1309.java:483)
	at knot//net.minecraft.class_1308.method_5670(class_1308.java:301)
	at knot//net.minecraft.class_1297.method_5773(class_1297.java:562)
	at knot//net.minecraft.class_1309.method_5773(class_1309.java:2779)
	at knot//net.minecraft.class_1308.method_5773(class_1308.java:360)
	at knot//net.minecraft.class_3218.method_18762(class_3218.java:838)
	at knot//net.minecraft.class_1937.method_18472(class_1937.java:490)
	at knot//net.minecraft.class_3218.method_31420(class_3218.java:433)
	at knot//net.minecraft.class_5574.method_31791(class_5574.java:53)
	at knot//net.minecraft.class_3218.method_18765(class_3218.java:403)
	at knot//net.minecraft.server.MinecraftServer.method_3813(MinecraftServer.java:1145)
	... 7 more
[18:19:49] [Server thread/ERROR]: This crash report has been saved to: C:\Users\logan\AppData\Roaming\ModrinthApp\profiles\Silk Harvest Test\crash-reports\crash-2026-02-13_18.19.49-server.txt
[18:19:49] [Server thread/INFO]: Stopping server
[18:19:49] [Server thread/INFO]: Saving players
[18:19:49] [Server thread/INFO]: Saving worlds
